<?xml version="1.0" encoding="UTF-8"?>
<testng-results ignored="0" total="4" passed="4" failed="0" skipped="0">
  <reporter-output>
  </reporter-output>
  <suite started-at="2022-02-16T02:38:04Z" name="Suite" finished-at="2022-02-16T02:38:36Z" duration-ms="31359">
    <groups>
    </groups>
    <test started-at="2022-02-16T02:38:04Z" name="Test" finished-at="2022-02-16T02:38:36Z" duration-ms="31359">
      <class name="TestCases_new.TestCase_004">
        <test-method is-config="true" signature="SSSSetUp()[pri:0, instance:TestCases_new.TestCase_004@6b88ca8c]" started-at="2022-02-16T02:38:13Z" name="SSSSetUp" finished-at="2022-02-16T02:38:13Z" duration-ms="2" status="PASS">
          <reporter-output>
          </reporter-output>
        </test-method> <!-- SSSSetUp -->
        <test-method signature="validateForm()[pri:0, instance:TestCases_new.TestCase_004@6b88ca8c]" started-at="2022-02-16T02:38:13Z" name="validateForm" finished-at="2022-02-16T02:38:21Z" duration-ms="7124" status="PASS">
          <reporter-output>
          </reporter-output>
        </test-method> <!-- validateForm -->
      </class> <!-- TestCases_new.TestCase_004 -->
      <class name="TestCases_new.TestCase_003">
        <test-method is-config="true" signature="SetUp1()[pri:0, instance:TestCases_new.TestCase_003@2f16c6b3]" started-at="2022-02-16T02:38:21Z" name="SetUp1" finished-at="2022-02-16T02:38:21Z" duration-ms="3" status="PASS">
          <reporter-output>
          </reporter-output>
        </test-method> <!-- SetUp1 -->
        <test-method signature="scrollTo()[pri:0, instance:TestCases_new.TestCase_003@2f16c6b3]" started-at="2022-02-16T02:38:21Z" name="scrollTo" finished-at="2022-02-16T02:38:36Z" duration-ms="14994" status="PASS">
          <reporter-output>
          </reporter-output>
        </test-method> <!-- scrollTo -->
      </class> <!-- TestCases_new.TestCase_003 -->
      <class name="TestCases_new.TestCase_001">
        <test-method is-config="true" signature="SSetUp()[pri:0, instance:TestCases_new.TestCase_001@1a20270e]" started-at="2022-02-16T02:38:04Z" name="SSetUp" finished-at="2022-02-16T02:38:10Z" duration-ms="5642" status="PASS">
          <reporter-output>
          </reporter-output>
        </test-method> <!-- SSetUp -->
        <test-method signature="validatesearch()[pri:0, instance:TestCases_new.TestCase_001@1a20270e]" started-at="2022-02-16T02:38:10Z" name="validatesearch" finished-at="2022-02-16T02:38:13Z" duration-ms="3369" status="PASS">
          <reporter-output>
          </reporter-output>
        </test-method> <!-- validatesearch -->
      </class> <!-- TestCases_new.TestCase_001 -->
      <class name="TestCases_new.LoginPageTest">
        <test-method is-config="true" signature="SSSetUp()[pri:0, instance:TestCases_new.LoginPageTest@336f1079]" started-at="2022-02-16T02:38:21Z" name="SSSetUp" finished-at="2022-02-16T02:38:21Z" duration-ms="2" status="PASS">
          <reporter-output>
          </reporter-output>
        </test-method> <!-- SSSetUp -->
        <test-method signature="validateLogin()[pri:0, instance:TestCases_new.LoginPageTest@336f1079]" started-at="2022-02-16T02:38:21Z" name="validateLogin" finished-at="2022-02-16T02:38:21Z" duration-ms="205" status="PASS">
          <reporter-output>
          </reporter-output>
        </test-method> <!-- validateLogin -->
      </class> <!-- TestCases_new.LoginPageTest -->
    </test> <!-- Test -->
  </suite> <!-- Suite -->
</testng-results>
