<?xml version="1.0" encoding="UTF-8"?>
<testsuite name="TestSuite" time="0.008" tests="2" errors="0" skipped="0" failures="2">
  <properties>
[...]
</properties>
  <testcase name="scrollTo" classname="TestCases_new.TestCase_003" time="0.007">
    <failure type="java.lang.NullPointerException:">java.lang.NullPointerException: null
	at org.openqa.selenium.support.pagefactory.DefaultElementLocator.findElement(DefaultElementLocator.java:69)
	at org.openqa.selenium.support.pagefactory.internal.LocatingElementHandler.invoke(LocatingElementHandler.java:38)
	at com.sun.proxy.$Proxy6.click(Unknown Source)
	at ScrollLevel.ScrollOperation.scrollToBottom(ScrollOperation.java:27)
	at TestCases_new.TestCase_003.scrollTo(TestCase_003.java:28)
</failure>
    <system-out><![CDATA[[TestNGContentHandler] [WARN] It is strongly recommended to add "<!DOCTYPE suite SYSTEM "http://testng.org/testng-1.0.dtd" >" at the top of your file, otherwise TestNG may fail or not work as expected.
]]></system-out>
  </testcase>
  <testcase name="validateForm" classname="TestCases_new.TestCase_004" time="0.001">
    <failure type="java.lang.NullPointerException:">java.lang.NullPointerException: null
	at org.openqa.selenium.support.pagefactory.DefaultElementLocator.findElement(DefaultElementLocator.java:69)
	at org.openqa.selenium.support.pagefactory.internal.LocatingElementHandler.invoke(LocatingElementHandler.java:38)
	at com.sun.proxy.$Proxy6.sendKeys(Unknown Source)
	at FormLevel.LocateForm.form22(LocateForm.java:32)
	at TestCases_new.TestCase_004.validateForm(TestCase_004.java:28)
</failure>
  </testcase>
</testsuite>