<?xml version="1.0" encoding="UTF-8"?>
<testng-results ignored="0" total="4" passed="4" failed="0" skipped="0">
  <reporter-output>
  </reporter-output>
  <suite started-at="2022-02-17T05:50:07Z" name="Suite" finished-at="2022-02-17T05:50:35Z" duration-ms="27075">
    <groups>
    </groups>
    <test started-at="2022-02-17T05:50:07Z" name="Test" finished-at="2022-02-17T05:50:35Z" duration-ms="27075">
      <class name="TestCases_new.TestCase_004">
        <test-method is-config="true" signature="SSSSetUp()[pri:0, instance:TestCases_new.TestCase_004@6f19ac19]" started-at="2022-02-17T05:50:17Z" name="SSSSetUp" finished-at="2022-02-17T05:50:17Z" duration-ms="2" status="PASS">
          <reporter-output>
          </reporter-output>
        </test-method> <!-- SSSSetUp -->
        <test-method signature="validateForm()[pri:0, instance:TestCases_new.TestCase_004@6f19ac19]" started-at="2022-02-17T05:50:17Z" name="validateForm" finished-at="2022-02-17T05:50:24Z" duration-ms="7277" status="PASS">
          <reporter-output>
          </reporter-output>
        </test-method> <!-- validateForm -->
      </class> <!-- TestCases_new.TestCase_004 -->
      <class name="TestCases_new.TestCase_003">
        <test-method is-config="true" signature="SetUp1()[pri:0, instance:TestCases_new.TestCase_003@71329995]" started-at="2022-02-17T05:50:24Z" name="SetUp1" finished-at="2022-02-17T05:50:24Z" duration-ms="2" status="PASS">
          <reporter-output>
          </reporter-output>
        </test-method> <!-- SetUp1 -->
        <test-method signature="scrollTo()[pri:0, instance:TestCases_new.TestCase_003@71329995]" started-at="2022-02-17T05:50:24Z" name="scrollTo" finished-at="2022-02-17T05:50:35Z" duration-ms="10281" status="PASS">
          <reporter-output>
          </reporter-output>
        </test-method> <!-- scrollTo -->
        <test-method is-config="true" signature="afterSuite()[pri:0, instance:TestCases_new.TestCase_003@71329995]" started-at="2022-02-17T05:50:35Z" name="afterSuite" finished-at="2022-02-17T05:50:35Z" duration-ms="61" status="PASS">
          <reporter-output>
          </reporter-output>
        </test-method> <!-- afterSuite -->
      </class> <!-- TestCases_new.TestCase_003 -->
      <class name="TestCases_new.TestCase_001">
        <test-method is-config="true" signature="SSetUp()[pri:0, instance:TestCases_new.TestCase_001@1bd39d3c]" started-at="2022-02-17T05:50:07Z" name="SSetUp" finished-at="2022-02-17T05:50:13Z" duration-ms="5708" status="PASS">
          <reporter-output>
          </reporter-output>
        </test-method> <!-- SSetUp -->
        <test-method signature="validatesearch()[pri:0, instance:TestCases_new.TestCase_001@1bd39d3c]" started-at="2022-02-17T05:50:13Z" name="validatesearch" finished-at="2022-02-17T05:50:17Z" duration-ms="3577" status="PASS">
          <reporter-output>
          </reporter-output>
        </test-method> <!-- validatesearch -->
      </class> <!-- TestCases_new.TestCase_001 -->
      <class name="TestCases_new.LoginPageTest">
        <test-method is-config="true" signature="SSSetUp()[pri:0, instance:TestCases_new.LoginPageTest@119cbf96]" started-at="2022-02-17T05:50:24Z" name="SSSetUp" finished-at="2022-02-17T05:50:24Z" duration-ms="2" status="PASS">
          <reporter-output>
          </reporter-output>
        </test-method> <!-- SSSetUp -->
        <test-method signature="validateLogin()[pri:0, instance:TestCases_new.LoginPageTest@119cbf96]" started-at="2022-02-17T05:50:24Z" name="validateLogin" finished-at="2022-02-17T05:50:24Z" duration-ms="210" status="PASS">
          <reporter-output>
          </reporter-output>
        </test-method> <!-- validateLogin -->
      </class> <!-- TestCases_new.LoginPageTest -->
    </test> <!-- Test -->
  </suite> <!-- Suite -->
</testng-results>
