<?xml version="1.0" encoding="UTF-8"?>
<!-- Generated by org.testng.reporters.JUnitXMLReporter -->
<testsuite ignored="0" hostname="inbl01lap7182" failures="2" tests="2" name="Test" time="0.042" errors="0" timestamp="15 Feb 2022 03:38:50 GMT">
  <testcase classname="TestCases_new.TestCase_003" name="scrollTo" time="0.0">
    <failure type="java.lang.NullPointerException">
      <![CDATA[java.lang.NullPointerException
at org.openqa.selenium.support.pagefactory.DefaultElementLocator.findElement(DefaultElementLocator.java:69)
at org.openqa.selenium.support.pagefactory.internal.LocatingElementHandler.invoke(LocatingElementHandler.java:38)
at com.sun.proxy.$Proxy6.click(Unknown Source)
at ScrollLevel.ScrollOperation.scrollToBottom(ScrollOperation.java:27)
at TestCases_new.TestCase_003.scrollTo(TestCase_003.java:28)
... Removed 28 stack frames]]>
    </failure>
  </testcase> <!-- scrollTo -->
  <testcase classname="TestCases_new.TestCase_004" name="validateForm" time="0.0">
    <failure type="java.lang.NullPointerException">
      <![CDATA[java.lang.NullPointerException
at org.openqa.selenium.support.pagefactory.DefaultElementLocator.findElement(DefaultElementLocator.java:69)
at org.openqa.selenium.support.pagefactory.internal.LocatingElementHandler.invoke(LocatingElementHandler.java:38)
at com.sun.proxy.$Proxy6.sendKeys(Unknown Source)
at FormLevel.LocateForm.form22(LocateForm.java:32)
at TestCases_new.TestCase_004.validateForm(TestCase_004.java:28)
... Removed 28 stack frames]]>
    </failure>
  </testcase> <!-- validateForm -->
</testsuite> <!-- Test -->
