<?xml version="1.0" encoding="UTF-8"?>
<!-- Generated by org.testng.reporters.JUnitXMLReporter -->
<testsuite ignored="0" hostname="inbl01lap7182" failures="0" tests="4" name="Test" time="27.075" errors="0" timestamp="17 Feb 2022 05:50:35 GMT">
  <testcase classname="TestCases_new.TestCase_001" name="validatesearch" time="3.577"/>
  <testcase classname="TestCases_new.TestCase_004" name="validateForm" time="7.277"/>
  <testcase classname="TestCases_new.LoginPageTest" name="validateLogin" time="0.21"/>
  <testcase classname="TestCases_new.TestCase_003" name="scrollTo" time="10.281"/>
</testsuite> <!-- Test -->
