<?xml version="1.0" encoding="UTF-8"?>
<!-- Generated by org.testng.reporters.JUnitXMLReporter -->
<testsuite ignored="0" hostname="inbl01lap7182" failures="0" tests="4" name="Test" time="31.359" errors="0" timestamp="16 Feb 2022 02:38:36 GMT">
  <testcase classname="TestCases_new.TestCase_001" name="validatesearch" time="3.369"/>
  <testcase classname="TestCases_new.TestCase_004" name="validateForm" time="7.124"/>
  <testcase classname="TestCases_new.LoginPageTest" name="validateLogin" time="0.205"/>
  <testcase classname="TestCases_new.TestCase_003" name="scrollTo" time="14.994"/>
</testsuite> <!-- Test -->
