<?xml version="1.0" encoding="UTF-8"?>
<!-- Generated by org.testng.reporters.JUnitXMLReporter -->
<testsuite ignored="0" hostname="inbl01lap7182" failures="1" tests="1" name="Test" time="5.651" errors="0" timestamp="15 Feb 2022 03:40:52 GMT">
  <testcase classname="TestCases_new.TestCase_003" name="scrollTo" time="0.004">
    <failure type="java.lang.NullPointerException">
      <![CDATA[java.lang.NullPointerException
at org.openqa.selenium.support.pagefactory.DefaultElementLocator.findElement(DefaultElementLocator.java:69)
at org.openqa.selenium.support.pagefactory.internal.LocatingElementHandler.invoke(LocatingElementHandler.java:38)
at com.sun.proxy.$Proxy9.click(Unknown Source)
at ScrollLevel.ScrollOperation.scrollToBottom(ScrollOperation.java:27)
at TestCases_new.TestCase_003.scrollTo(TestCase_003.java:28)
... Removed 25 stack frames]]>
    </failure>
  </testcase> <!-- scrollTo -->
</testsuite> <!-- Test -->
